INFO:root:Checked and sent messages at 22:04
INFO:twilio.http_client:-- BEGIN Twilio API Request --
INFO:twilio.http_client:POST Request: https://api.twilio.com/2010-04-01/Accounts/AC4923a8ee90fd7a3ca656b5e063edeb45/Messages.json
INFO:twilio.http_client:Headers:
INFO:twilio.http_client:User-Agent : twilio-python/8.13.0 (Windows AMD64) Python/3.9.7
INFO:twilio.http_client:X-Twilio-Client : python-8.13.0
INFO:twilio.http_client:Accept-Charset : utf-8
INFO:twilio.http_client:Content-Type : application/x-www-form-urlencoded
INFO:twilio.http_client:Accept : application/json
INFO:twilio.http_client:-- END Twilio API Request --
INFO:twilio.http_client:Response Status Code: 201
INFO:twilio.http_client:Response Headers: {'Date': 'Fri, 01 Mar 2024 16:35:36 GMT', 'Content-Type': 'application/json; charset=utf-8', 'Content-Length': '1336', 'Connection': 'keep-alive', 'Access-Control-Allow-Origin': '*', 'Access-Control-Allow-Headers': 'Accept, Authorization, Content-Type, If-Match, If-Modified-Since, If-None-Match, If-Unmodified-Since, Idempotency-Key', 'Access-Control-Allow-Credentials': 'true', 'Access-Control-Allow-Methods': 'GET, POST, DELETE, OPTIONS', 'Access-Control-Expose-Headers': 'ETag', 'Twilio-Request-Id': 'RQ9d5666e43e324b0697ce597f6683b4cb', 'Twilio-Request-Duration': '0.139', 'Twilio-Concurrent-Requests': '1', 'X-Shenanigans': 'none', 'X-Powered-By': 'AT-5000', 'X-Home-Region': 'us1', 'X-API-Domain': 'api.twilio.com'}
INFO:root:Message sent successfully to +916302947720
INFO:root:Checked and sent messages at 22:05
INFO:root:Checked and sent messages at 22:06
INFO:root:Checked and sent messages at 22:07
INFO:root:Shutting down gracefully...
INFO:root:Checked and sent messages at 22:07
INFO:twilio.http_client:-- BEGIN Twilio API Request --
INFO:twilio.http_client:POST Request: https://api.twilio.com/2010-04-01/Accounts/AC4923a8ee90fd7a3ca656b5e063edeb45/Messages.json
INFO:twilio.http_client:Headers:
INFO:twilio.http_client:User-Agent : twilio-python/8.13.0 (Windows AMD64) Python/3.9.7
INFO:twilio.http_client:X-Twilio-Client : python-8.13.0
INFO:twilio.http_client:Accept-Charset : utf-8
INFO:twilio.http_client:Content-Type : application/x-www-form-urlencoded
INFO:twilio.http_client:Accept : application/json
INFO:twilio.http_client:-- END Twilio API Request --
INFO:twilio.http_client:Response Status Code: 400
INFO:twilio.http_client:Response Headers: {'Date': 'Fri, 01 Mar 2024 16:38:43 GMT', 'Content-Type': 'application/json; charset=utf-8', 'Content-Length': '204', 'Connection': 'keep-alive', 'Access-Control-Allow-Origin': '*', 'Access-Control-Allow-Headers': 'Accept, Authorization, Content-Type, If-Match, If-Modified-Since, If-None-Match, If-Unmodified-Since, Idempotency-Key', 'Access-Control-Allow-Credentials': 'true', 'Access-Control-Allow-Methods': 'GET, POST, DELETE, OPTIONS', 'Access-Control-Expose-Headers': 'ETag', 'Twilio-Request-Id': 'RQ997e0b40999a6f4a3b3fc4a5f1f68145', 'Twilio-Request-Duration': '0.057', 'Twilio-Concurrent-Requests': '1', 'X-Shenanigans': 'none', 'X-Powered-By': 'AT-5000', 'X-Home-Region': 'us1', 'X-API-Domain': 'api.twilio.com'}
INFO:root:Checked and sent messages at 22:09
INFO:twilio.http_client:-- BEGIN Twilio API Request --
INFO:twilio.http_client:POST Request: https://api.twilio.com/2010-04-01/Accounts/AC4923a8ee90fd7a3ca656b5e063edeb45/Messages.json
INFO:twilio.http_client:Headers:
INFO:twilio.http_client:User-Agent : twilio-python/8.13.0 (Windows AMD64) Python/3.9.7
INFO:twilio.http_client:X-Twilio-Client : python-8.13.0
INFO:twilio.http_client:Accept-Charset : utf-8
INFO:twilio.http_client:Content-Type : application/x-www-form-urlencoded
INFO:twilio.http_client:Accept : application/json
INFO:twilio.http_client:-- END Twilio API Request --
INFO:twilio.http_client:Response Status Code: 201
INFO:twilio.http_client:Response Headers: {'Date': 'Fri, 01 Mar 2024 16:40:57 GMT', 'Content-Type': 'application/json; charset=utf-8', 'Content-Length': '861', 'Connection': 'keep-alive', 'Access-Control-Allow-Origin': '*', 'Access-Control-Allow-Headers': 'Accept, Authorization, Content-Type, If-Match, If-Modified-Since, If-None-Match, If-Unmodified-Since, Idempotency-Key', 'Access-Control-Allow-Credentials': 'true', 'Access-Control-Allow-Methods': 'GET, POST, DELETE, OPTIONS', 'Access-Control-Expose-Headers': 'ETag', 'Twilio-Request-Id': 'RQad8b354d625581a7797ac1fd1ccb3001', 'Twilio-Request-Duration': '0.139', 'Twilio-Concurrent-Requests': '1', 'X-Shenanigans': 'none', 'X-Powered-By': 'AT-5000', 'X-Home-Region': 'us1', 'X-API-Domain': 'api.twilio.com'}
INFO:twilio.http_client:-- BEGIN Twilio API Request --
INFO:twilio.http_client:POST Request: https://api.twilio.com/2010-04-01/Accounts/AC4923a8ee90fd7a3ca656b5e063edeb45/Messages.json
INFO:twilio.http_client:Headers:
INFO:twilio.http_client:User-Agent : twilio-python/8.13.0 (Windows AMD64) Python/3.9.7
INFO:twilio.http_client:X-Twilio-Client : python-8.13.0
INFO:twilio.http_client:Accept-Charset : utf-8
INFO:twilio.http_client:Content-Type : application/x-www-form-urlencoded
INFO:twilio.http_client:Accept : application/json
INFO:twilio.http_client:-- END Twilio API Request --
INFO:twilio.http_client:Response Status Code: 400
INFO:twilio.http_client:Response Headers: {'Date': 'Fri, 01 Mar 2024 16:40:57 GMT', 'Content-Type': 'application/json; charset=utf-8', 'Content-Length': '142', 'Connection': 'keep-alive', 'Access-Control-Allow-Origin': '*', 'Access-Control-Allow-Headers': 'Accept, Authorization, Content-Type, If-Match, If-Modified-Since, If-None-Match, If-Unmodified-Since, Idempotency-Key', 'Access-Control-Allow-Credentials': 'true', 'Access-Control-Allow-Methods': 'GET, POST, DELETE, OPTIONS', 'Access-Control-Expose-Headers': 'ETag', 'Twilio-Request-Id': 'RQ19ca4e777360d903a68c0420515cbb20', 'Twilio-Request-Duration': '0.046', 'Twilio-Concurrent-Requests': '1', 'X-Shenanigans': 'none', 'X-Powered-By': 'AT-5000', 'X-Home-Region': 'us1', 'X-API-Domain': 'api.twilio.com'}
INFO:root:Checked and sent messages at 22:49
INFO:twilio.http_client:-- BEGIN Twilio API Request --
INFO:twilio.http_client:POST Request: https://api.twilio.com/2010-04-01/Accounts/AC4923a8ee90fd7a3ca656b5e063edeb45/Messages.json
INFO:twilio.http_client:Headers:
INFO:twilio.http_client:User-Agent : twilio-python/8.13.0 (Windows AMD64) Python/3.9.7
INFO:twilio.http_client:X-Twilio-Client : python-8.13.0
INFO:twilio.http_client:Accept-Charset : utf-8
INFO:twilio.http_client:Content-Type : application/x-www-form-urlencoded
INFO:twilio.http_client:Accept : application/json
INFO:twilio.http_client:-- END Twilio API Request --
INFO:twilio.http_client:Response Status Code: 201
INFO:twilio.http_client:Response Headers: {'Date': 'Fri, 01 Mar 2024 17:20:51 GMT', 'Content-Type': 'application/json; charset=utf-8', 'Content-Length': '889', 'Connection': 'keep-alive', 'Access-Control-Allow-Origin': '*', 'Access-Control-Allow-Headers': 'Accept, Authorization, Content-Type, If-Match, If-Modified-Since, If-None-Match, If-Unmodified-Since, Idempotency-Key', 'Access-Control-Allow-Credentials': 'true', 'Access-Control-Allow-Methods': 'GET, POST, DELETE, OPTIONS', 'Access-Control-Expose-Headers': 'ETag', 'Twilio-Request-Id': 'RQ9a53ce3aec29d6c9e88bdea9fbbac009', 'Twilio-Request-Duration': '0.141', 'Twilio-Concurrent-Requests': '1', 'X-Shenanigans': 'none', 'X-Powered-By': 'AT-5000', 'X-Home-Region': 'us1', 'X-API-Domain': 'api.twilio.com'}
INFO:twilio.http_client:-- BEGIN Twilio API Request --
INFO:twilio.http_client:POST Request: https://api.twilio.com/2010-04-01/Accounts/AC4923a8ee90fd7a3ca656b5e063edeb45/Messages.json
INFO:twilio.http_client:Headers:
INFO:twilio.http_client:User-Agent : twilio-python/8.13.0 (Windows AMD64) Python/3.9.7
INFO:twilio.http_client:X-Twilio-Client : python-8.13.0
INFO:twilio.http_client:Accept-Charset : utf-8
INFO:twilio.http_client:Content-Type : application/x-www-form-urlencoded
INFO:twilio.http_client:Accept : application/json
INFO:twilio.http_client:-- END Twilio API Request --
INFO:twilio.http_client:Response Status Code: 400
INFO:twilio.http_client:Response Headers: {'Date': 'Fri, 01 Mar 2024 17:20:52 GMT', 'Content-Type': 'application/json; charset=utf-8', 'Content-Length': '339', 'Connection': 'keep-alive', 'Access-Control-Allow-Origin': '*', 'Access-Control-Allow-Headers': 'Accept, Authorization, Content-Type, If-Match, If-Modified-Since, If-None-Match, If-Unmodified-Since, Idempotency-Key', 'Access-Control-Allow-Credentials': 'true', 'Access-Control-Allow-Methods': 'GET, POST, DELETE, OPTIONS', 'Access-Control-Expose-Headers': 'ETag', 'Twilio-Request-Id': 'RQ19a73a2aa1b0de18e4dc5b781b201afd', 'Twilio-Request-Duration': '0.090', 'Twilio-Concurrent-Requests': '1', 'X-Shenanigans': 'none', 'X-Powered-By': 'AT-5000', 'X-Home-Region': 'us1', 'X-API-Domain': 'api.twilio.com'}
INFO:root:Checked and sent messages at 22:57
INFO:root:Checked and sent messages at 22:58
INFO:root:Checked and sent messages at 22:59
INFO:twilio.http_client:-- BEGIN Twilio API Request --
INFO:twilio.http_client:POST Request: https://api.twilio.com/2010-04-01/Accounts/AC4923a8ee90fd7a3ca656b5e063edeb45/Messages.json
INFO:twilio.http_client:Headers:
INFO:twilio.http_client:User-Agent : twilio-python/8.13.0 (Windows AMD64) Python/3.9.7
INFO:twilio.http_client:X-Twilio-Client : python-8.13.0
INFO:twilio.http_client:Accept-Charset : utf-8
INFO:twilio.http_client:Content-Type : application/x-www-form-urlencoded
INFO:twilio.http_client:Accept : application/json
INFO:twilio.http_client:-- END Twilio API Request --
INFO:twilio.http_client:Response Status Code: 201
INFO:twilio.http_client:Response Headers: {'Date': 'Fri, 01 Mar 2024 17:30:17 GMT', 'Content-Type': 'application/json; charset=utf-8', 'Content-Length': '889', 'Connection': 'keep-alive', 'Access-Control-Allow-Origin': '*', 'Access-Control-Allow-Headers': 'Accept, Authorization, Content-Type, If-Match, If-Modified-Since, If-None-Match, If-Unmodified-Since, Idempotency-Key', 'Access-Control-Allow-Credentials': 'true', 'Access-Control-Allow-Methods': 'GET, POST, DELETE, OPTIONS', 'Access-Control-Expose-Headers': 'ETag', 'Twilio-Request-Id': 'RQ70fa847074fdc504e2a3feebbd6d7757', 'Twilio-Request-Duration': '0.124', 'Twilio-Concurrent-Requests': '1', 'X-Shenanigans': 'none', 'X-Powered-By': 'AT-5000', 'X-Home-Region': 'us1', 'X-API-Domain': 'api.twilio.com'}
INFO:twilio.http_client:-- BEGIN Twilio API Request --
INFO:twilio.http_client:POST Request: https://api.twilio.com/2010-04-01/Accounts/AC4923a8ee90fd7a3ca656b5e063edeb45/Messages.json
INFO:twilio.http_client:Headers:
INFO:twilio.http_client:User-Agent : twilio-python/8.13.0 (Windows AMD64) Python/3.9.7
INFO:twilio.http_client:X-Twilio-Client : python-8.13.0
INFO:twilio.http_client:Accept-Charset : utf-8
INFO:twilio.http_client:Content-Type : application/x-www-form-urlencoded
INFO:twilio.http_client:Accept : application/json
INFO:twilio.http_client:-- END Twilio API Request --
INFO:twilio.http_client:Response Status Code: 201
INFO:twilio.http_client:Response Headers: {'Date': 'Fri, 01 Mar 2024 17:30:17 GMT', 'Content-Type': 'application/json; charset=utf-8', 'Content-Length': '889', 'Connection': 'keep-alive', 'Access-Control-Allow-Origin': '*', 'Access-Control-Allow-Headers': 'Accept, Authorization, Content-Type, If-Match, If-Modified-Since, If-None-Match, If-Unmodified-Since, Idempotency-Key', 'Access-Control-Allow-Credentials': 'true', 'Access-Control-Allow-Methods': 'GET, POST, DELETE, OPTIONS', 'Access-Control-Expose-Headers': 'ETag', 'Twilio-Request-Id': 'RQ7fa95861ea14fe1b4a0b75ad58a7a5b5', 'Twilio-Request-Duration': '0.137', 'Twilio-Concurrent-Requests': '1', 'X-Shenanigans': 'none', 'X-Powered-By': 'AT-5000', 'X-Home-Region': 'us1', 'X-API-Domain': 'api.twilio.com'}
INFO:root:Checked and sent messages at 23:00
INFO:root:Checked and sent messages at 23:01
INFO:root:Checked and sent messages at 23:02
INFO:root:Checked and sent messages at 23:03
INFO:root:Checked and sent messages at 23:04
INFO:root:Checked and sent messages at 23:05
INFO:root:Checked and sent messages at 23:06
INFO:root:Checked and sent messages at 23:07
INFO:root:Checked and sent messages at 09:43
INFO:root:Checked and sent messages at 09:44
INFO:root:Checked and sent messages at 09:45
INFO:root:Checked and sent messages at 09:46
INFO:root:Checked and sent messages at 09:47
INFO:root:Checked and sent messages at 09:48
INFO:root:Checked and sent messages at 09:49
INFO:root:Checked and sent messages at 09:50
INFO:root:Checked and sent messages at 09:51
INFO:root:Checked and sent messages at 09:52
INFO:root:Checked and sent messages at 09:53
INFO:root:Checked and sent messages at 09:54
INFO:root:Checked and sent messages at 09:55
INFO:root:Checked and sent messages at 09:56
INFO:root:Checked and sent messages at 09:57
INFO:root:Checked and sent messages at 09:58
INFO:root:Checked and sent messages at 09:59
INFO:root:Checked and sent messages at 10:00
INFO:root:Checked and sent messages at 10:01
INFO:root:Checked and sent messages at 10:02
INFO:root:Checked and sent messages at 10:03
INFO:root:Checked and sent messages at 10:04
INFO:root:Checked and sent messages at 10:05
INFO:root:Checked and sent messages at 10:06
INFO:root:Checked and sent messages at 10:07
INFO:root:Checked and sent messages at 10:08
INFO:root:Checked and sent messages at 10:09
INFO:root:Checked and sent messages at 10:10
INFO:root:Checked and sent messages at 10:11
INFO:root:Checked and sent messages at 10:12
INFO:root:Checked and sent messages at 10:13
INFO:root:Checked and sent messages at 10:14
INFO:root:Checked and sent messages at 10:15
INFO:root:Checked and sent messages at 10:16
INFO:root:Checked and sent messages at 10:17
INFO:root:Checked and sent messages at 10:18
INFO:root:Checked and sent messages at 10:19
INFO:root:Checked and sent messages at 10:20
INFO:root:Checked and sent messages at 10:21
INFO:root:Checked and sent messages at 10:22
INFO:root:Checked and sent messages at 10:23
INFO:root:Checked and sent messages at 10:24
INFO:root:Checked and sent messages at 10:25
INFO:root:Checked and sent messages at 10:26
INFO:root:Checked and sent messages at 10:27
INFO:root:Checked and sent messages at 10:28
INFO:root:Checked and sent messages at 10:29
INFO:root:Checked and sent messages at 10:31
INFO:root:Checked and sent messages at 10:32
INFO:root:Checked and sent messages at 10:33
INFO:root:Checked and sent messages at 10:34
INFO:root:Checked and sent messages at 10:35
INFO:root:Checked and sent messages at 10:36
INFO:root:Checked and sent messages at 10:37
INFO:root:Checked and sent messages at 10:38
INFO:root:Checked and sent messages at 10:39
INFO:root:Checked and sent messages at 10:40
INFO:root:Checked and sent messages at 10:41
INFO:root:Checked and sent messages at 10:42
INFO:root:Checked and sent messages at 10:43
INFO:root:Checked and sent messages at 10:44
INFO:root:Checked and sent messages at 10:45
INFO:root:Checked and sent messages at 10:46
INFO:root:Checked and sent messages at 10:47
INFO:root:Checked and sent messages at 10:48
INFO:root:Checked and sent messages at 10:49
INFO:root:Checked and sent messages at 10:50
INFO:root:Checked and sent messages at 10:51
INFO:root:Checked and sent messages at 10:52
INFO:root:Checked and sent messages at 10:53
INFO:root:Checked and sent messages at 10:54
INFO:root:Checked and sent messages at 10:55
INFO:root:Checked and sent messages at 10:56
INFO:root:Checked and sent messages at 10:57
INFO:root:Checked and sent messages at 10:58
INFO:root:Checked and sent messages at 10:59
INFO:root:Checked and sent messages at 11:00
INFO:root:Checked and sent messages at 11:01
INFO:root:Checked and sent messages at 11:02
INFO:root:Checked and sent messages at 11:03
INFO:root:Checked and sent messages at 11:04
INFO:root:Checked and sent messages at 11:05
INFO:root:Checked and sent messages at 11:06
INFO:root:Checked and sent messages at 11:07
INFO:root:Checked and sent messages at 11:08
INFO:root:Checked and sent messages at 11:09
INFO:root:Checked and sent messages at 11:10
INFO:root:Checked and sent messages at 11:11
INFO:root:Checked and sent messages at 11:12
INFO:root:Checked and sent messages at 11:13
INFO:root:Checked and sent messages at 11:14
INFO:root:Checked and sent messages at 11:15
INFO:root:Checked and sent messages at 12:25
INFO:root:Checked and sent messages at 16:07
INFO:root:Checked and sent messages at 16:08
INFO:root:Checked and sent messages at 16:09
INFO:root:Checked and sent messages at 16:10
INFO:root:Checked and sent messages at 17:02
INFO:root:Checked and sent messages at 17:03
INFO:root:Checked and sent messages at 17:04
INFO:root:Checked and sent messages at 17:05
INFO:root:Checked and sent messages at 17:06
INFO:root:Checked and sent messages at 17:07
INFO:root:Checked and sent messages at 17:08
INFO:root:Checked and sent messages at 17:09
INFO:root:Checked and sent messages at 17:10
INFO:root:Checked and sent messages at 17:11
INFO:root:Checked and sent messages at 17:12
INFO:root:Checked and sent messages at 17:13
INFO:root:Checked and sent messages at 17:14
INFO:root:Checked and sent messages at 17:15
INFO:root:Checked and sent messages at 17:16
INFO:root:Checked and sent messages at 17:17
INFO:root:Checked and sent messages at 17:18
INFO:root:Checked and sent messages at 17:19
INFO:root:Checked and sent messages at 17:20
INFO:root:Checked and sent messages at 17:21
INFO:root:Checked and sent messages at 17:22
INFO:root:Checked and sent messages at 18:58
INFO:root:Checked and sent messages at 18:59
INFO:root:Checked and sent messages at 19:00
INFO:root:Checked and sent messages at 19:01
INFO:root:Checked and sent messages at 19:02
INFO:root:Checked and sent messages at 19:03
INFO:root:Checked and sent messages at 19:04
INFO:root:Checked and sent messages at 19:05
INFO:root:Checked and sent messages at 19:06
INFO:root:Checked and sent messages at 19:07
INFO:root:Checked and sent messages at 19:08
INFO:root:Checked and sent messages at 19:09
INFO:root:Checked and sent messages at 19:10
INFO:root:Checked and sent messages at 19:11
INFO:root:Checked and sent messages at 19:12
INFO:root:Checked and sent messages at 19:13
INFO:root:Checked and sent messages at 19:14
INFO:root:Checked and sent messages at 19:15
INFO:root:Checked and sent messages at 19:16
INFO:root:Checked and sent messages at 19:17
INFO:root:Checked and sent messages at 19:18
INFO:root:Checked and sent messages at 19:19
INFO:root:Checked and sent messages at 19:20
INFO:root:Checked and sent messages at 19:21
INFO:root:Shutting down gracefully...
INFO:root:Checked and sent messages at 10:43
INFO:root:Checked and sent messages at 10:44
INFO:root:Checked and sent messages at 10:45
INFO:root:Checked and sent messages at 11:45
INFO:root:Checked and sent messages at 11:46
INFO:root:Checked and sent messages at 11:47
INFO:root:Checked and sent messages at 11:48
INFO:root:Shutting down gracefully...
INFO:root:Checked and sent messages at 11:49
INFO:root:Checked and sent messages at 11:50
INFO:root:Checked and sent messages at 11:51
INFO:root:Checked and sent messages at 11:52
INFO:root:Checked and sent messages at 11:53
INFO:root:Checked and sent messages at 11:54
INFO:root:Checked and sent messages at 12:08
INFO:root:Checked and sent messages at 12:09
INFO:root:Checked and sent messages at 12:10
INFO:root:Checked and sent messages at 12:11
INFO:root:Checked and sent messages at 12:12
INFO:root:Checked and sent messages at 12:13
INFO:root:Checked and sent messages at 12:14
INFO:root:Checked and sent messages at 12:15
INFO:root:Checked and sent messages at 12:16
INFO:root:Checked and sent messages at 12:17
INFO:root:Checked and sent messages at 12:18
INFO:root:Checked and sent messages at 12:20
INFO:root:Checked and sent messages at 12:22
INFO:root:Checked and sent messages at 12:23
ERROR:root:An error occurred: _ssl.c:1112: The handshake operation timed out
ERROR:root:An error occurred: _ssl.c:1112: The handshake operation timed out
INFO:root:Checked and sent messages at 12:26
INFO:twilio.http_client:-- BEGIN Twilio API Request --
INFO:twilio.http_client:POST Request: https://api.twilio.com/2010-04-01/Accounts/AC4923a8ee90fd7a3ca656b5e063edeb45/Messages.json
INFO:twilio.http_client:Headers:
INFO:twilio.http_client:User-Agent : twilio-python/8.13.0 (Windows AMD64) Python/3.9.7
INFO:twilio.http_client:X-Twilio-Client : python-8.13.0
INFO:twilio.http_client:Accept-Charset : utf-8
INFO:twilio.http_client:Content-Type : application/x-www-form-urlencoded
INFO:twilio.http_client:Accept : application/json
INFO:twilio.http_client:-- END Twilio API Request --
INFO:twilio.http_client:Response Status Code: 400
INFO:twilio.http_client:Response Headers: {'Date': 'Tue, 12 Mar 2024 06:58:19 GMT', 'Content-Type': 'application/json; charset=utf-8', 'Content-Length': '339', 'Connection': 'keep-alive', 'Access-Control-Allow-Origin': '*', 'Access-Control-Allow-Headers': 'Accept, Authorization, Content-Type, If-Match, If-Modified-Since, If-None-Match, If-Unmodified-Since, Idempotency-Key', 'Access-Control-Allow-Credentials': 'true', 'Access-Control-Allow-Methods': 'GET, POST, DELETE, OPTIONS', 'Access-Control-Expose-Headers': 'ETag', 'Twilio-Request-Id': 'RQ7129e2ced77e2a947d7214579967e10d', 'Twilio-Request-Duration': '0.088', 'Twilio-Concurrent-Requests': '1', 'X-Shenanigans': 'none', 'X-Powered-By': 'AT-5000', 'X-Home-Region': 'us1', 'X-API-Domain': 'api.twilio.com'}
ERROR:root:Error sending message to +917013274769: 
[31m[49mHTTP Error[0m [37m[49mYour request was:[0m

[36m[49mPOST /Accounts/AC4923a8ee90fd7a3ca656b5e063edeb45/Messages.json[0m

[37m[49mTwilio returned the following information:[0m

[34m[49mUnable to create record: The number +91701327XXXX is unverified. Trial accounts cannot send messages to unverified numbers; verify +91701327XXXX at twilio.com/user/account/phone-numbers/verified, or purchase a Twilio number to send messages to unverified numbers[0m

[37m[49mMore information may be available here:[0m

[34m[49mhttps://www.twilio.com/docs/errors/21608[0m


INFO:root:Checked and sent messages at 12:27
ERROR:root:An error occurred: (pymysql.err.OperationalError) (2003, "Can't connect to MySQL server on 'sql.freedb.tech' ([Errno 11001] getaddrinfo failed)")
(Background on this error at: https://sqlalche.me/e/20/e3q8)
ERROR:root:An error occurred: (pymysql.err.OperationalError) (2003, "Can't connect to MySQL server on 'sql.freedb.tech' ([Errno 11001] getaddrinfo failed)")
(Background on this error at: https://sqlalche.me/e/20/e3q8)
INFO:root:Checked and sent messages at 12:32
INFO:root:Checked and sent messages at 12:33
INFO:root:Checked and sent messages at 12:34
INFO:root:Checked and sent messages at 12:35
INFO:root:Checked and sent messages at 12:36
INFO:root:Checked and sent messages at 12:37
INFO:root:Checked and sent messages at 12:38
INFO:root:Checked and sent messages at 12:40
INFO:root:Checked and sent messages at 12:41
INFO:root:Checked and sent messages at 12:42
INFO:root:Checked and sent messages at 12:43
INFO:root:Checked and sent messages at 12:44
INFO:root:Checked and sent messages at 12:45
INFO:root:Checked and sent messages at 12:46
INFO:root:Checked and sent messages at 12:47
INFO:root:Checked and sent messages at 12:48
INFO:root:Checked and sent messages at 12:49
INFO:root:Shutting down gracefully...
INFO:root:Checked and sent messages at 13:17
INFO:root:Checked and sent messages at 13:19
INFO:root:Checked and sent messages at 13:20
INFO:root:Checked and sent messages at 13:21
INFO:root:Checked and sent messages at 13:22
INFO:root:Checked and sent messages at 13:23
INFO:root:Checked and sent messages at 13:24
INFO:root:Checked and sent messages at 13:25
ERROR:root:An error occurred: (pymysql.err.OperationalError) (2003, "Can't connect to MySQL server on 'sql.freedb.tech' ([Errno 11001] getaddrinfo failed)")
(Background on this error at: https://sqlalche.me/e/20/e3q8)
ERROR:root:An error occurred: (pymysql.err.OperationalError) (2003, "Can't connect to MySQL server on 'sql.freedb.tech' ([Errno 11001] getaddrinfo failed)")
(Background on this error at: https://sqlalche.me/e/20/e3q8)
INFO:root:Checked and sent messages at 13:28
INFO:root:Checked and sent messages at 13:29
INFO:root:Checked and sent messages at 13:31
INFO:root:Checked and sent messages at 13:32
INFO:root:Checked and sent messages at 13:33
INFO:root:Checked and sent messages at 13:34
INFO:root:Checked and sent messages at 13:35
INFO:root:Checked and sent messages at 13:36
INFO:root:Checked and sent messages at 13:37
ERROR:root:An error occurred: (pymysql.err.OperationalError) (2003, "Can't connect to MySQL server on 'sql.freedb.tech' ([Errno 11001] getaddrinfo failed)")
(Background on this error at: https://sqlalche.me/e/20/e3q8)
INFO:root:Checked and sent messages at 14:26
INFO:root:Checked and sent messages at 14:27
INFO:root:Checked and sent messages at 14:28
INFO:root:Checked and sent messages at 14:29
INFO:root:Checked and sent messages at 14:30
INFO:root:Checked and sent messages at 14:31
INFO:root:Checked and sent messages at 14:32
INFO:root:Checked and sent messages at 14:33
INFO:root:Checked and sent messages at 14:34
INFO:root:Checked and sent messages at 14:36
INFO:root:Checked and sent messages at 23:56
INFO:root:Checked and sent messages at 23:57
INFO:twilio.http_client:-- BEGIN Twilio API Request --
INFO:twilio.http_client:POST Request: https://api.twilio.com/2010-04-01/Accounts/AC4923a8ee90fd7a3ca656b5e063edeb45/Messages.json
INFO:twilio.http_client:Headers:
INFO:twilio.http_client:User-Agent : twilio-python/8.13.0 (Windows AMD64) Python/3.9.7
INFO:twilio.http_client:X-Twilio-Client : python-8.13.0
INFO:twilio.http_client:Accept-Charset : utf-8
INFO:twilio.http_client:Content-Type : application/x-www-form-urlencoded
INFO:twilio.http_client:Accept : application/json
INFO:twilio.http_client:-- END Twilio API Request --
INFO:twilio.http_client:Response Status Code: 201
INFO:twilio.http_client:Response Headers: {'Date': 'Wed, 13 Mar 2024 18:28:43 GMT', 'Content-Type': 'application/json; charset=utf-8', 'Content-Length': '1424', 'Connection': 'keep-alive', 'Access-Control-Allow-Origin': '*', 'Access-Control-Allow-Headers': 'Accept, Authorization, Content-Type, If-Match, If-Modified-Since, If-None-Match, If-Unmodified-Since, Idempotency-Key', 'Access-Control-Allow-Credentials': 'true', 'Access-Control-Allow-Methods': 'GET, POST, DELETE, OPTIONS', 'Access-Control-Expose-Headers': 'ETag', 'Twilio-Request-Id': 'RQ6aed8a38ba1f6fbdff8f016a21506b8d', 'Twilio-Request-Duration': '0.141', 'Twilio-Concurrent-Requests': '1', 'X-Shenanigans': 'none', 'X-Powered-By': 'AT-5000', 'X-Home-Region': 'us1', 'X-API-Domain': 'api.twilio.com'}
INFO:root:Message sent successfully to +916302947720
INFO:root:Checked and sent messages at 23:58
INFO:root:Checked and sent messages at 23:59
INFO:root:Checked and sent messages at 00:00
INFO:root:Checked and sent messages at 00:01
INFO:root:Checked and sent messages at 00:02
INFO:root:Checked and sent messages at 00:03
INFO:root:Shutting down gracefully...
INFO:root:Checked and sent messages at 00:04
INFO:root:Shutting down gracefully...
INFO:root:Checked and sent messages at 00:04
INFO:root:Checked and sent messages at 00:05
INFO:root:Checked and sent messages at 00:05
INFO:root:Checked and sent messages at 00:05
INFO:root:Checked and sent messages at 00:05
INFO:root:Checked and sent messages at 00:05
INFO:root:Checked and sent messages at 00:05
INFO:root:Checked and sent messages at 00:05
INFO:root:Checked and sent messages at 00:05
INFO:root:Checked and sent messages at 00:05
INFO:root:Checked and sent messages at 00:05
INFO:root:Checked and sent messages at 00:05
INFO:root:Checked and sent messages at 00:05
INFO:root:Checked and sent messages at 00:05
INFO:root:Checked and sent messages at 00:05
INFO:root:Checked and sent messages at 00:05
INFO:root:Checked and sent messages at 00:05
INFO:root:Checked and sent messages at 00:05
INFO:root:Checked and sent messages at 00:05
INFO:root:Checked and sent messages at 00:05
INFO:root:Checked and sent messages at 00:05
INFO:root:Checked and sent messages at 00:05
INFO:root:Checked and sent messages at 00:05
INFO:root:Checked and sent messages at 00:05
INFO:root:Checked and sent messages at 00:05
INFO:root:Checked and sent messages at 00:05
INFO:root:Checked and sent messages at 00:05
INFO:root:Checked and sent messages at 00:05
INFO:root:Checked and sent messages at 00:05
INFO:root:Checked and sent messages at 00:05
INFO:root:Checked and sent messages at 00:05
INFO:root:Checked and sent messages at 00:05
INFO:root:Checked and sent messages at 00:05
INFO:root:Checked and sent messages at 00:06
INFO:root:Checked and sent messages at 00:06
INFO:root:Checked and sent messages at 00:06
INFO:root:Checked and sent messages at 00:06
INFO:root:Checked and sent messages at 00:06
INFO:root:Checked and sent messages at 00:06
INFO:root:Checked and sent messages at 00:06
INFO:root:Checked and sent messages at 00:06
INFO:root:Checked and sent messages at 00:06
INFO:root:Checked and sent messages at 00:06
INFO:root:Checked and sent messages at 00:06
INFO:root:Shutting down gracefully...
INFO:root:Checked and sent messages at 00:06
INFO:root:Shutting down gracefully...
INFO:root:Checked and sent messages at 00:07
INFO:root:Checked and sent messages at 00:07
INFO:root:Checked and sent messages at 00:07
INFO:root:Checked and sent messages at 00:07
INFO:root:Checked and sent messages at 00:07
INFO:root:Checked and sent messages at 00:07
INFO:root:Checked and sent messages at 00:08
INFO:root:Shutting down gracefully...
INFO:root:Checked and sent messages at 18:09
INFO:root:Checked and sent messages at 18:10
INFO:root:Checked and sent messages at 18:11
INFO:root:Checked and sent messages at 18:12
INFO:root:Checked and sent messages at 18:13
INFO:root:Checked and sent messages at 18:14
INFO:root:Checked and sent messages at 18:15
INFO:root:Checked and sent messages at 18:16
INFO:root:Checked and sent messages at 18:17
INFO:root:Checked and sent messages at 18:18
INFO:root:Checked and sent messages at 18:19
INFO:root:Checked and sent messages at 18:20
INFO:root:Checked and sent messages at 18:21
INFO:root:Checked and sent messages at 18:22
INFO:root:Checked and sent messages at 18:23
INFO:root:Checked and sent messages at 18:24
INFO:root:Checked and sent messages at 18:25
INFO:root:Checked and sent messages at 18:26
INFO:root:Checked and sent messages at 18:27
INFO:root:Checked and sent messages at 18:28
INFO:root:Checked and sent messages at 18:29
INFO:root:Checked and sent messages at 18:30
INFO:root:Checked and sent messages at 18:31
INFO:root:Checked and sent messages at 18:32
INFO:root:Checked and sent messages at 18:33
INFO:root:Checked and sent messages at 18:34
INFO:root:Checked and sent messages at 18:35
INFO:root:Checked and sent messages at 18:36
INFO:root:Checked and sent messages at 18:37
INFO:root:Checked and sent messages at 18:38
INFO:root:Checked and sent messages at 18:39
INFO:root:Checked and sent messages at 18:40
INFO:root:Checked and sent messages at 18:42
INFO:root:Checked and sent messages at 18:43
INFO:root:Checked and sent messages at 18:44
INFO:root:Checked and sent messages at 18:45
INFO:root:Checked and sent messages at 18:46
INFO:root:Checked and sent messages at 18:47
INFO:root:Checked and sent messages at 18:48
INFO:root:Checked and sent messages at 18:49
INFO:root:Checked and sent messages at 18:50
INFO:root:Checked and sent messages at 18:51
INFO:root:Checked and sent messages at 18:52
INFO:root:Checked and sent messages at 18:53
INFO:root:Checked and sent messages at 18:54
INFO:root:Checked and sent messages at 18:55
INFO:root:Checked and sent messages at 18:56
INFO:root:Checked and sent messages at 18:57
INFO:root:Checked and sent messages at 18:58
INFO:root:Checked and sent messages at 18:59
INFO:root:Checked and sent messages at 19:00
INFO:root:Checked and sent messages at 19:01
INFO:root:Checked and sent messages at 19:02
INFO:root:Checked and sent messages at 19:03
INFO:root:Checked and sent messages at 19:04
INFO:root:Checked and sent messages at 19:05
INFO:root:Checked and sent messages at 19:06
INFO:root:Checked and sent messages at 19:07
INFO:root:Checked and sent messages at 19:08
INFO:root:Checked and sent messages at 19:09
INFO:root:Checked and sent messages at 19:10
INFO:root:Checked and sent messages at 19:11
INFO:root:Checked and sent messages at 19:12
INFO:root:Checked and sent messages at 19:13
INFO:root:Checked and sent messages at 19:14
INFO:root:Checked and sent messages at 19:15
INFO:root:Checked and sent messages at 19:16
INFO:root:Checked and sent messages at 19:18
INFO:root:Checked and sent messages at 19:19
INFO:root:Checked and sent messages at 19:20
INFO:root:Checked and sent messages at 19:21
INFO:root:Checked and sent messages at 19:22
INFO:root:Checked and sent messages at 19:23
INFO:root:Checked and sent messages at 19:24
INFO:root:Checked and sent messages at 19:25
INFO:root:Checked and sent messages at 19:26
INFO:root:Checked and sent messages at 19:27
INFO:root:Checked and sent messages at 19:28
INFO:root:Checked and sent messages at 19:29
INFO:root:Checked and sent messages at 19:30
INFO:root:Checked and sent messages at 19:31
INFO:root:Checked and sent messages at 19:32
INFO:root:Checked and sent messages at 19:33
INFO:root:Checked and sent messages at 19:34
INFO:root:Checked and sent messages at 19:35
INFO:root:Checked and sent messages at 19:36
INFO:root:Checked and sent messages at 19:37
INFO:root:Checked and sent messages at 19:38
INFO:root:Checked and sent messages at 19:39
INFO:root:Checked and sent messages at 19:40
INFO:root:Checked and sent messages at 19:41
INFO:root:Checked and sent messages at 19:42
INFO:root:Checked and sent messages at 19:43
INFO:root:Checked and sent messages at 19:44
INFO:root:Checked and sent messages at 20:06
INFO:root:Checked and sent messages at 20:07
INFO:root:Checked and sent messages at 20:08
INFO:root:Checked and sent messages at 20:09
INFO:root:Checked and sent messages at 20:10
INFO:root:Checked and sent messages at 20:11
INFO:root:Checked and sent messages at 20:12
INFO:root:Checked and sent messages at 20:13
INFO:root:Checked and sent messages at 20:15
INFO:root:Checked and sent messages at 20:16
INFO:root:Checked and sent messages at 20:17
INFO:root:Checked and sent messages at 20:18
INFO:root:Checked and sent messages at 20:19
INFO:root:Checked and sent messages at 20:20
INFO:root:Checked and sent messages at 20:21
INFO:root:Checked and sent messages at 20:22
INFO:root:Checked and sent messages at 20:23
INFO:root:Checked and sent messages at 20:24
INFO:root:Checked and sent messages at 20:25
INFO:root:Checked and sent messages at 20:26
INFO:root:Checked and sent messages at 20:27
INFO:root:Checked and sent messages at 20:28
INFO:root:Checked and sent messages at 20:29
INFO:root:Checked and sent messages at 20:30
INFO:root:Checked and sent messages at 20:31
INFO:root:Checked and sent messages at 20:32
INFO:root:Checked and sent messages at 20:33
INFO:root:Checked and sent messages at 20:35
INFO:root:Checked and sent messages at 20:36
INFO:root:Checked and sent messages at 20:37
INFO:root:Checked and sent messages at 20:38
INFO:root:Checked and sent messages at 20:39
INFO:root:Checked and sent messages at 20:40
INFO:root:Checked and sent messages at 20:41
INFO:root:Checked and sent messages at 20:42
INFO:root:Checked and sent messages at 20:43
INFO:root:Checked and sent messages at 20:44
INFO:root:Checked and sent messages at 20:45
INFO:root:Checked and sent messages at 20:46
INFO:root:Checked and sent messages at 20:47
INFO:root:Checked and sent messages at 20:48
INFO:root:Checked and sent messages at 20:49
INFO:twilio.http_client:-- BEGIN Twilio API Request --
INFO:twilio.http_client:POST Request: https://api.twilio.com/2010-04-01/Accounts/AC4923a8ee90fd7a3ca656b5e063edeb45/Messages.json
INFO:twilio.http_client:Headers:
INFO:twilio.http_client:User-Agent : twilio-python/8.13.0 (Windows AMD64) Python/3.9.7
INFO:twilio.http_client:X-Twilio-Client : python-8.13.0
INFO:twilio.http_client:Accept-Charset : utf-8
INFO:twilio.http_client:Content-Type : application/x-www-form-urlencoded
INFO:twilio.http_client:Accept : application/json
INFO:twilio.http_client:-- END Twilio API Request --
INFO:twilio.http_client:Response Status Code: 201
INFO:twilio.http_client:Response Headers: {'Date': 'Sun, 17 Mar 2024 15:20:52 GMT', 'Content-Type': 'application/json; charset=utf-8', 'Content-Length': '1299', 'Connection': 'keep-alive', 'Access-Control-Allow-Origin': '*', 'Access-Control-Allow-Headers': 'Accept, Authorization, Content-Type, If-Match, If-Modified-Since, If-None-Match, If-Unmodified-Since, Idempotency-Key', 'Access-Control-Allow-Credentials': 'true', 'Access-Control-Allow-Methods': 'GET, POST, DELETE, OPTIONS', 'Access-Control-Expose-Headers': 'ETag', 'Twilio-Request-Id': 'RQe498fc0204b7c7a829029c9dedaa2d68', 'Twilio-Request-Duration': '0.140', 'Twilio-Concurrent-Requests': '1', 'X-Shenanigans': 'none', 'X-Powered-By': 'AT-5000', 'X-Home-Region': 'us1', 'X-API-Domain': 'api.twilio.com'}
INFO:root:Message sent successfully to +916302947720
INFO:root:Checked and sent messages at 20:50
INFO:root:Checked and sent messages at 20:51
INFO:root:Checked and sent messages at 20:52
INFO:root:Checked and sent messages at 20:53
INFO:root:Checked and sent messages at 20:55
INFO:root:Checked and sent messages at 20:56
INFO:root:Checked and sent messages at 20:57
INFO:root:Checked and sent messages at 20:58
INFO:root:Checked and sent messages at 20:59
INFO:twilio.http_client:-- BEGIN Twilio API Request --
INFO:twilio.http_client:POST Request: https://api.twilio.com/2010-04-01/Accounts/AC4923a8ee90fd7a3ca656b5e063edeb45/Messages.json
INFO:twilio.http_client:Headers:
INFO:twilio.http_client:User-Agent : twilio-python/8.13.0 (Windows AMD64) Python/3.9.7
INFO:twilio.http_client:X-Twilio-Client : python-8.13.0
INFO:twilio.http_client:Accept-Charset : utf-8
INFO:twilio.http_client:Content-Type : application/x-www-form-urlencoded
INFO:twilio.http_client:Accept : application/json
INFO:twilio.http_client:-- END Twilio API Request --
INFO:twilio.http_client:Response Status Code: 201
INFO:twilio.http_client:Response Headers: {'Date': 'Sun, 17 Mar 2024 15:30:26 GMT', 'Content-Type': 'application/json; charset=utf-8', 'Content-Length': '1241', 'Connection': 'keep-alive', 'Access-Control-Allow-Origin': '*', 'Access-Control-Allow-Headers': 'Accept, Authorization, Content-Type, If-Match, If-Modified-Since, If-None-Match, If-Unmodified-Since, Idempotency-Key', 'Access-Control-Allow-Credentials': 'true', 'Access-Control-Allow-Methods': 'GET, POST, DELETE, OPTIONS', 'Access-Control-Expose-Headers': 'ETag', 'Twilio-Request-Id': 'RQ42fd86d2f1d093733c18b221a50a4628', 'Twilio-Request-Duration': '0.129', 'Twilio-Concurrent-Requests': '1', 'X-Shenanigans': 'none', 'X-Powered-By': 'AT-5000', 'X-Home-Region': 'us1', 'X-API-Domain': 'api.twilio.com'}
INFO:root:Message sent successfully to +917013274769
INFO:root:Checked and sent messages at 21:00
INFO:root:Checked and sent messages at 21:01
INFO:root:Checked and sent messages at 21:02
INFO:root:Checked and sent messages at 21:03
INFO:root:Checked and sent messages at 21:04
INFO:root:Checked and sent messages at 21:05
INFO:root:Checked and sent messages at 21:06
INFO:root:Checked and sent messages at 21:07
INFO:root:Checked and sent messages at 21:08
INFO:root:Checked and sent messages at 21:09
INFO:root:Checked and sent messages at 21:10
INFO:root:Checked and sent messages at 21:11
INFO:root:Checked and sent messages at 21:12
INFO:root:Checked and sent messages at 21:13
INFO:root:Checked and sent messages at 21:14
INFO:root:Checked and sent messages at 21:16
INFO:root:Checked and sent messages at 21:17
INFO:root:Checked and sent messages at 21:18
INFO:root:Checked and sent messages at 21:19
INFO:root:Checked and sent messages at 21:20
INFO:root:Checked and sent messages at 21:21
INFO:root:Checked and sent messages at 21:22
INFO:root:Checked and sent messages at 21:23
INFO:root:Checked and sent messages at 21:24
INFO:root:Checked and sent messages at 21:25
INFO:twilio.http_client:-- BEGIN Twilio API Request --
INFO:twilio.http_client:POST Request: https://api.twilio.com/2010-04-01/Accounts/AC4923a8ee90fd7a3ca656b5e063edeb45/Messages.json
INFO:twilio.http_client:Headers:
INFO:twilio.http_client:User-Agent : twilio-python/8.13.0 (Windows AMD64) Python/3.9.7
INFO:twilio.http_client:X-Twilio-Client : python-8.13.0
INFO:twilio.http_client:Accept-Charset : utf-8
INFO:twilio.http_client:Content-Type : application/x-www-form-urlencoded
INFO:twilio.http_client:Accept : application/json
INFO:twilio.http_client:-- END Twilio API Request --
INFO:twilio.http_client:Response Status Code: 201
INFO:twilio.http_client:Response Headers: {'Date': 'Sun, 17 Mar 2024 15:56:38 GMT', 'Content-Type': 'application/json; charset=utf-8', 'Content-Length': '1390', 'Connection': 'keep-alive', 'Access-Control-Allow-Origin': '*', 'Access-Control-Allow-Headers': 'Accept, Authorization, Content-Type, If-Match, If-Modified-Since, If-None-Match, If-Unmodified-Since, Idempotency-Key', 'Access-Control-Allow-Credentials': 'true', 'Access-Control-Allow-Methods': 'GET, POST, DELETE, OPTIONS', 'Access-Control-Expose-Headers': 'ETag', 'Twilio-Request-Id': 'RQ8d96d983d8dd143f56a40d5dd288fabd', 'Twilio-Request-Duration': '0.130', 'Twilio-Concurrent-Requests': '1', 'X-Shenanigans': 'none', 'X-Powered-By': 'AT-5000', 'X-Home-Region': 'us1', 'X-API-Domain': 'api.twilio.com'}
INFO:root:Message sent successfully to +916281246877
INFO:root:Checked and sent messages at 21:26
INFO:root:Checked and sent messages at 21:27
INFO:root:Checked and sent messages at 21:28
INFO:root:Checked and sent messages at 21:29
INFO:root:Checked and sent messages at 21:30
INFO:root:Checked and sent messages at 21:31
INFO:root:Checked and sent messages at 21:32
INFO:root:Checked and sent messages at 21:33
INFO:root:Checked and sent messages at 21:34
INFO:root:Checked and sent messages at 21:35
INFO:root:Checked and sent messages at 21:37
INFO:root:Checked and sent messages at 21:38
INFO:root:Checked and sent messages at 21:39
INFO:root:Checked and sent messages at 21:40
INFO:root:Checked and sent messages at 21:41
INFO:root:Checked and sent messages at 21:42
INFO:twilio.http_client:-- BEGIN Twilio API Request --
INFO:twilio.http_client:POST Request: https://api.twilio.com/2010-04-01/Accounts/AC4923a8ee90fd7a3ca656b5e063edeb45/Messages.json
INFO:twilio.http_client:Headers:
INFO:twilio.http_client:User-Agent : twilio-python/8.13.0 (Windows AMD64) Python/3.9.7
INFO:twilio.http_client:X-Twilio-Client : python-8.13.0
INFO:twilio.http_client:Accept-Charset : utf-8
INFO:twilio.http_client:Content-Type : application/x-www-form-urlencoded
INFO:twilio.http_client:Accept : application/json
INFO:twilio.http_client:-- END Twilio API Request --
INFO:twilio.http_client:Response Status Code: 201
INFO:twilio.http_client:Response Headers: {'Date': 'Sun, 17 Mar 2024 16:13:27 GMT', 'Content-Type': 'application/json; charset=utf-8', 'Content-Length': '1358', 'Connection': 'keep-alive', 'Access-Control-Allow-Origin': '*', 'Access-Control-Allow-Headers': 'Accept, Authorization, Content-Type, If-Match, If-Modified-Since, If-None-Match, If-Unmodified-Since, Idempotency-Key', 'Access-Control-Allow-Credentials': 'true', 'Access-Control-Allow-Methods': 'GET, POST, DELETE, OPTIONS', 'Access-Control-Expose-Headers': 'ETag', 'Twilio-Request-Id': 'RQ1c772a193539a1a9988a224c4c4160ed', 'Twilio-Request-Duration': '0.147', 'Twilio-Concurrent-Requests': '1', 'X-Shenanigans': 'none', 'X-Powered-By': 'AT-5000', 'X-Home-Region': 'us1', 'X-API-Domain': 'api.twilio.com'}
INFO:root:Message sent successfully to +916281246877
INFO:twilio.http_client:-- BEGIN Twilio API Request --
INFO:twilio.http_client:POST Request: https://api.twilio.com/2010-04-01/Accounts/AC4923a8ee90fd7a3ca656b5e063edeb45/Messages.json
INFO:twilio.http_client:Headers:
INFO:twilio.http_client:User-Agent : twilio-python/8.13.0 (Windows AMD64) Python/3.9.7
INFO:twilio.http_client:X-Twilio-Client : python-8.13.0
INFO:twilio.http_client:Accept-Charset : utf-8
INFO:twilio.http_client:Content-Type : application/x-www-form-urlencoded
INFO:twilio.http_client:Accept : application/json
INFO:twilio.http_client:-- END Twilio API Request --
INFO:twilio.http_client:Response Status Code: 201
INFO:twilio.http_client:Response Headers: {'Date': 'Sun, 17 Mar 2024 16:13:34 GMT', 'Content-Type': 'application/json; charset=utf-8', 'Content-Length': '1162', 'Connection': 'keep-alive', 'Access-Control-Allow-Origin': '*', 'Access-Control-Allow-Headers': 'Accept, Authorization, Content-Type, If-Match, If-Modified-Since, If-None-Match, If-Unmodified-Since, Idempotency-Key', 'Access-Control-Allow-Credentials': 'true', 'Access-Control-Allow-Methods': 'GET, POST, DELETE, OPTIONS', 'Access-Control-Expose-Headers': 'ETag', 'Twilio-Request-Id': 'RQde3f10b2ff92227af6e4fda62e6ee8c9', 'Twilio-Request-Duration': '0.125', 'Twilio-Concurrent-Requests': '1', 'X-Shenanigans': 'none', 'X-Powered-By': 'AT-5000', 'X-Home-Region': 'us1', 'X-API-Domain': 'api.twilio.com'}
INFO:root:Message sent successfully to +916281246877
INFO:root:Checked and sent messages at 21:43
INFO:root:Checked and sent messages at 21:44
INFO:root:Checked and sent messages at 21:45
INFO:root:Checked and sent messages at 21:46
INFO:root:Checked and sent messages at 21:47
INFO:root:Shutting down gracefully...
INFO:root:Checked and sent messages at 09:55
INFO:root:Checked and sent messages at 09:56
INFO:root:Checked and sent messages at 09:57
INFO:root:Checked and sent messages at 09:58
INFO:root:Checked and sent messages at 09:59
INFO:root:Checked and sent messages at 10:00
INFO:root:Checked and sent messages at 10:01
INFO:root:Checked and sent messages at 10:02
INFO:root:Checked and sent messages at 10:03
INFO:root:Checked and sent messages at 10:04
ERROR:root:An error occurred: (pymysql.err.OperationalError) (2003, "Can't connect to MySQL server on 'sql.freedb.tech' ([Errno 11001] getaddrinfo failed)")
(Background on this error at: https://sqlalche.me/e/20/e3q8)
ERROR:root:An error occurred: (pymysql.err.OperationalError) (2003, "Can't connect to MySQL server on 'sql.freedb.tech' ([Errno 11001] getaddrinfo failed)")
(Background on this error at: https://sqlalche.me/e/20/e3q8)
INFO:root:Checked and sent messages at 10:26
INFO:root:Checked and sent messages at 10:27
INFO:root:Checked and sent messages at 10:28
INFO:root:Shutting down gracefully...
INFO:root:Checked and sent messages at 10:30
INFO:root:Checked and sent messages at 10:31
INFO:root:Checked and sent messages at 10:33
INFO:root:Checked and sent messages at 10:34
INFO:root:Checked and sent messages at 10:35
INFO:root:Checked and sent messages at 10:36
INFO:root:Checked and sent messages at 10:37
INFO:root:Checked and sent messages at 10:38
INFO:root:Checked and sent messages at 10:39
INFO:twilio.http_client:-- BEGIN Twilio API Request --
INFO:twilio.http_client:POST Request: https://api.twilio.com/2010-04-01/Accounts/AC4923a8ee90fd7a3ca656b5e063edeb45/Messages.json
INFO:twilio.http_client:Headers:
INFO:twilio.http_client:User-Agent : twilio-python/8.13.0 (Windows AMD64) Python/3.9.7
INFO:twilio.http_client:X-Twilio-Client : python-8.13.0
INFO:twilio.http_client:Accept-Charset : utf-8
INFO:twilio.http_client:Content-Type : application/x-www-form-urlencoded
INFO:twilio.http_client:Accept : application/json
INFO:twilio.http_client:-- END Twilio API Request --
INFO:twilio.http_client:Response Status Code: 201
INFO:twilio.http_client:Response Headers: {'Date': 'Fri, 22 Mar 2024 05:10:45 GMT', 'Content-Type': 'application/json;charset=utf-8', 'Content-Length': '1518', 'Connection': 'keep-alive', 'Twilio-Concurrent-Requests': '1', 'Twilio-Request-Id': 'RQ3fbac906322ac3722c5e28cded855da6', 'Twilio-Request-Duration': '157', 'X-Api-Domain': 'api.twilio.com', 'Strict-Transport-Security': 'max-age=31536000', 'Access-Control-Allow-Origin': '*', 'Access-Control-Allow-Headers': 'Accept, Authorization, Content-Type, If-Match, If-Modified-Since, If-None-Match, If-Unmodified-Since, Idempotency-Key, X-Pre-Auth-Context, X-Target-Region', 'Access-Control-Allow-Methods': 'GET, POST, PATCH, PUT, DELETE, OPTIONS', 'Access-Control-Expose-Headers': 'ETag, Twilio-Request-Id', 'Access-Control-Allow-Credentials': 'true', 'X-Shenanigans': 'none', 'X-Powered-By': 'AT-5000', 'X-Home-Region': 'us1'}
INFO:root:Message sent successfully to +918519953256
INFO:root:Checked and sent messages at 10:40
INFO:root:Checked and sent messages at 10:41
INFO:root:Checked and sent messages at 10:42
INFO:root:Checked and sent messages at 10:43
INFO:root:Checked and sent messages at 10:45
INFO:root:Checked and sent messages at 10:46
INFO:root:Checked and sent messages at 10:47
INFO:root:Checked and sent messages at 10:48
INFO:root:Checked and sent messages at 10:49
INFO:root:Checked and sent messages at 10:50
INFO:root:Checked and sent messages at 10:51
INFO:root:Checked and sent messages at 10:52
INFO:root:Checked and sent messages at 10:53
INFO:root:Checked and sent messages at 10:54
INFO:root:Checked and sent messages at 10:55
INFO:root:Checked and sent messages at 10:56
INFO:root:Checked and sent messages at 10:57
INFO:root:Checked and sent messages at 10:58
INFO:root:Checked and sent messages at 11:00
INFO:root:Checked and sent messages at 11:01
INFO:root:Shutting down gracefully...
INFO:root:Checked and sent messages at 11:01
INFO:root:Checked and sent messages at 11:02
INFO:root:Checked and sent messages at 11:03
INFO:root:Checked and sent messages at 11:04
INFO:root:Checked and sent messages at 11:05
INFO:root:Checked and sent messages at 11:06
INFO:root:Checked and sent messages at 11:07
INFO:root:Checked and sent messages at 11:08
INFO:root:Checked and sent messages at 11:09
INFO:root:Checked and sent messages at 11:11
INFO:root:Checked and sent messages at 11:12
INFO:root:Checked and sent messages at 11:13
INFO:root:Checked and sent messages at 11:14
INFO:root:Checked and sent messages at 11:15
INFO:root:Checked and sent messages at 11:16
INFO:root:Checked and sent messages at 11:17
INFO:root:Checked and sent messages at 11:18
INFO:root:Checked and sent messages at 11:19
INFO:root:Checked and sent messages at 11:20
INFO:root:Checked and sent messages at 11:21
INFO:root:Checked and sent messages at 11:22
INFO:root:Checked and sent messages at 11:23
INFO:root:Checked and sent messages at 11:24
INFO:root:Checked and sent messages at 11:25
INFO:root:Checked and sent messages at 11:28
INFO:root:Checked and sent messages at 11:29
INFO:root:Checked and sent messages at 11:30
INFO:root:Checked and sent messages at 11:33
INFO:root:Checked and sent messages at 11:34
INFO:root:Checked and sent messages at 11:35
INFO:root:Checked and sent messages at 17:17
INFO:root:Checked and sent messages at 17:18
INFO:root:Checked and sent messages at 17:19
INFO:root:Checked and sent messages at 17:20
INFO:root:Checked and sent messages at 17:21
INFO:root:Checked and sent messages at 17:22
INFO:root:Checked and sent messages at 17:23
INFO:root:Checked and sent messages at 17:24
INFO:root:Checked and sent messages at 17:26
INFO:root:Checked and sent messages at 17:27
INFO:root:Checked and sent messages at 17:28
INFO:root:Checked and sent messages at 17:29
INFO:root:Checked and sent messages at 17:30
INFO:root:Checked and sent messages at 17:31
INFO:root:Checked and sent messages at 17:32
INFO:root:Checked and sent messages at 17:33
INFO:root:Checked and sent messages at 17:34
INFO:root:Checked and sent messages at 17:35
INFO:root:Checked and sent messages at 17:36
INFO:root:Checked and sent messages at 17:36
INFO:twilio.http_client:-- BEGIN Twilio API Request --
INFO:twilio.http_client:POST Request: https://api.twilio.com/2010-04-01/Accounts/AC4923a8ee90fd7a3ca656b5e063edeb45/Messages.json
INFO:twilio.http_client:Headers:
INFO:twilio.http_client:User-Agent : twilio-python/9.0.3 (Windows AMD64) Python/3.12.2
INFO:twilio.http_client:X-Twilio-Client : python-9.0.3
INFO:twilio.http_client:Accept-Charset : utf-8
INFO:twilio.http_client:Content-Type : application/x-www-form-urlencoded
INFO:twilio.http_client:Accept : application/json
INFO:twilio.http_client:-- END Twilio API Request --
INFO:twilio.http_client:Response Status Code: 201
INFO:twilio.http_client:Response Headers: {'Date': 'Fri, 05 Apr 2024 12:07:32 GMT', 'Content-Type': 'application/json;charset=utf-8', 'Content-Length': '1363', 'Connection': 'keep-alive', 'Twilio-Concurrent-Requests': '1', 'Twilio-Request-Id': 'RQab481ebfba63ab5f226a0c87f410927c', 'Twilio-Request-Duration': '407', 'X-Api-Domain': 'api.twilio.com', 'Strict-Transport-Security': 'max-age=31536000', 'Access-Control-Allow-Origin': '*', 'Access-Control-Allow-Headers': 'Accept, Authorization, Content-Type, If-Match, If-Modified-Since, If-None-Match, If-Unmodified-Since, Idempotency-Key, X-Pre-Auth-Context, X-Target-Region', 'Access-Control-Allow-Methods': 'GET, POST, PATCH, PUT, DELETE, OPTIONS', 'Access-Control-Expose-Headers': 'ETag, Twilio-Request-Id', 'Access-Control-Allow-Credentials': 'true', 'X-Shenanigans': 'none', 'X-Powered-By': 'AT-5000', 'X-Home-Region': 'us1'}
INFO:root:Message sent successfully to +916302947720
INFO:root:Checked and sent messages at 17:37
INFO:twilio.http_client:-- BEGIN Twilio API Request --
INFO:twilio.http_client:POST Request: https://api.twilio.com/2010-04-01/Accounts/AC4923a8ee90fd7a3ca656b5e063edeb45/Messages.json
INFO:twilio.http_client:Headers:
INFO:twilio.http_client:User-Agent : twilio-python/8.13.0 (Windows AMD64) Python/3.9.7
INFO:twilio.http_client:X-Twilio-Client : python-8.13.0
INFO:twilio.http_client:Accept-Charset : utf-8
INFO:twilio.http_client:Content-Type : application/x-www-form-urlencoded
INFO:twilio.http_client:Accept : application/json
INFO:twilio.http_client:-- END Twilio API Request --
INFO:twilio.http_client:Response Status Code: 201
INFO:twilio.http_client:Response Headers: {'Date': 'Fri, 05 Apr 2024 12:07:42 GMT', 'Content-Type': 'application/json;charset=utf-8', 'Content-Length': '1363', 'Connection': 'keep-alive', 'Twilio-Concurrent-Requests': '1', 'Twilio-Request-Id': 'RQ1430f8baf275554ad5d871f0025cf2ba', 'Twilio-Request-Duration': '110', 'X-Api-Domain': 'api.twilio.com', 'Strict-Transport-Security': 'max-age=31536000', 'Access-Control-Allow-Origin': '*', 'Access-Control-Allow-Headers': 'Accept, Authorization, Content-Type, If-Match, If-Modified-Since, If-None-Match, If-Unmodified-Since, Idempotency-Key, X-Pre-Auth-Context, X-Target-Region', 'Access-Control-Allow-Methods': 'GET, POST, PATCH, PUT, DELETE, OPTIONS', 'Access-Control-Expose-Headers': 'ETag, Twilio-Request-Id', 'Access-Control-Allow-Credentials': 'true', 'X-Shenanigans': 'none', 'X-Powered-By': 'AT-5000', 'X-Home-Region': 'us1'}
INFO:root:Message sent successfully to +916302947720
INFO:root:Checked and sent messages at 17:37
INFO:root:Checked and sent messages at 17:38
INFO:root:Checked and sent messages at 17:38
INFO:root:Checked and sent messages at 17:39
INFO:root:Checked and sent messages at 17:39
ERROR:root:An error occurred: 'cryptography' package is required for sha256_password or caching_sha2_password auth methods
ERROR:root:An error occurred: 'cryptography' package is required for sha256_password or caching_sha2_password auth methods
ERROR:root:An error occurred: 'cryptography' package is required for sha256_password or caching_sha2_password auth methods
ERROR:root:An error occurred: 'cryptography' package is required for sha256_password or caching_sha2_password auth methods
ERROR:root:An error occurred: 'cryptography' package is required for sha256_password or caching_sha2_password auth methods
ERROR:root:An error occurred: 'cryptography' package is required for sha256_password or caching_sha2_password auth methods
INFO:root:Checked and sent messages at 09:31
INFO:root:Checked and sent messages at 09:33
INFO:root:Checked and sent messages at 09:34
INFO:root:Checked and sent messages at 09:35
INFO:root:Checked and sent messages at 09:36
INFO:root:Checked and sent messages at 09:37
INFO:root:Checked and sent messages at 09:38
INFO:root:Checked and sent messages at 09:39
INFO:twilio.http_client:-- BEGIN Twilio API Request --
INFO:twilio.http_client:POST Request: https://api.twilio.com/2010-04-01/Accounts/AC4923a8ee90fd7a3ca656b5e063edeb45/Messages.json
INFO:twilio.http_client:Headers:
INFO:twilio.http_client:User-Agent : twilio-python/9.0.3 (Windows AMD64) Python/3.12.2
INFO:twilio.http_client:X-Twilio-Client : python-9.0.3
INFO:twilio.http_client:Accept-Charset : utf-8
INFO:twilio.http_client:Content-Type : application/x-www-form-urlencoded
INFO:twilio.http_client:Accept : application/json
INFO:twilio.http_client:-- END Twilio API Request --
INFO:twilio.http_client:Response Status Code: 201
INFO:twilio.http_client:Response Headers: {'Date': 'Tue, 16 Apr 2024 04:10:35 GMT', 'Content-Type': 'application/json;charset=utf-8', 'Content-Length': '1403', 'Connection': 'keep-alive', 'Twilio-Concurrent-Requests': '1', 'Twilio-Request-Id': 'RQ1f38937b772cbeb43f01e8e09dc69816', 'Twilio-Request-Duration': '446', 'X-Api-Domain': 'api.twilio.com', 'Strict-Transport-Security': 'max-age=31536000', 'Access-Control-Allow-Origin': '*', 'Access-Control-Allow-Headers': 'Accept, Authorization, Content-Type, If-Match, If-Modified-Since, If-None-Match, If-Unmodified-Since, Idempotency-Key, X-Pre-Auth-Context, X-Target-Region', 'Access-Control-Allow-Methods': 'GET, POST, PATCH, PUT, DELETE, OPTIONS', 'Access-Control-Expose-Headers': 'ETag, Twilio-Request-Id', 'Access-Control-Allow-Credentials': 'true', 'X-Shenanigans': 'none', 'X-Powered-By': 'AT-5000', 'X-Home-Region': 'us1'}
INFO:root:Message sent successfully to +919652812602
INFO:root:Checked and sent messages at 09:40
INFO:root:Checked and sent messages at 09:41
INFO:root:Checked and sent messages at 09:42
INFO:root:Checked and sent messages at 09:43
ERROR:root:An error occurred: (pymysql.err.OperationalError) (2003, "Can't connect to MySQL server on 'sql.freedb.tech' ([Errno 11001] getaddrinfo failed)")
(Background on this error at: https://sqlalche.me/e/20/e3q8)
INFO:root:Checked and sent messages at 09:45
INFO:root:Checked and sent messages at 09:47
INFO:root:Checked and sent messages at 09:48
ERROR:root:An error occurred: (pymysql.err.OperationalError) (2003, "Can't connect to MySQL server on 'sql.freedb.tech' (timed out)")
(Background on this error at: https://sqlalche.me/e/20/e3q8)
ERROR:root:An error occurred: (pymysql.err.OperationalError) (2003, "Can't connect to MySQL server on 'sql.freedb.tech' (timed out)")
(Background on this error at: https://sqlalche.me/e/20/e3q8)
ERROR:root:An error occurred: (pymysql.err.OperationalError) (2013, 'Lost connection to MySQL server during query ([WinError 10053] An established connection was aborted by the software in your host machine)')
(Background on this error at: https://sqlalche.me/e/20/e3q8)
INFO:root:Checked and sent messages at 09:54
ERROR:root:An error occurred: (pymysql.err.OperationalError) (2003, "Can't connect to MySQL server on 'sql.freedb.tech' ([Errno 11001] getaddrinfo failed)")
(Background on this error at: https://sqlalche.me/e/20/e3q8)
ERROR:root:An error occurred: (pymysql.err.OperationalError) (2003, "Can't connect to MySQL server on 'sql.freedb.tech' ([Errno 11001] getaddrinfo failed)")
(Background on this error at: https://sqlalche.me/e/20/e3q8)
INFO:root:Checked and sent messages at 09:58
ERROR:root:An error occurred: (pymysql.err.OperationalError) (2003, "Can't connect to MySQL server on 'sql.freedb.tech' (timed out)")
(Background on this error at: https://sqlalche.me/e/20/e3q8)
ERROR:root:An error occurred: (pymysql.err.OperationalError) (2003, "Can't connect to MySQL server on 'sql.freedb.tech' ([Errno 11001] getaddrinfo failed)")
(Background on this error at: https://sqlalche.me/e/20/e3q8)
INFO:root:Checked and sent messages at 10:01
INFO:root:Checked and sent messages at 10:02
INFO:root:Checked and sent messages at 10:04
INFO:root:Checked and sent messages at 10:05
ERROR:root:An error occurred: (pymysql.err.InternalError) Packet sequence number wrong - got 1 expected 2
(Background on this error at: https://sqlalche.me/e/20/2j85)
INFO:root:Checked and sent messages at 11:10
INFO:root:Checked and sent messages at 11:11
INFO:root:Checked and sent messages at 11:12
INFO:root:Checked and sent messages at 11:13
INFO:root:Checked and sent messages at 11:14
INFO:root:Checked and sent messages at 11:15
INFO:root:Checked and sent messages at 11:16
INFO:root:Checked and sent messages at 11:18
INFO:root:Checked and sent messages at 11:19
INFO:root:Checked and sent messages at 11:20
